<?xml version="1.0" encoding="UTF-8"?>
<testng-results ignored="0" total="1" passed="1" failed="0" skipped="0">
  <reporter-output>
  </reporter-output>
  <suite started-at="2024-12-11T20:47:02 IST" name="Default suite" finished-at="2024-12-11T20:47:10 IST" duration-ms="8587">
    <groups>
    </groups>
    <test started-at="2024-12-11T20:47:02 IST" name="Default test" finished-at="2024-12-11T20:47:10 IST" duration-ms="8587">
      <class name="srcStructureAutomationProject.PropertyFilesTest">
        <test-method is-config="true" signature="setup()[pri:0, instance:srcStructureAutomationProject.PropertyFilesTest@5542c4ed]" started-at="2024-12-11T20:47:02 IST" name="setup" finished-at="2024-12-11T20:47:07 IST" duration-ms="4650" status="PASS">
          <reporter-output>
          </reporter-output>
        </test-method> <!-- setup -->
        <test-method signature="validatingPropertyReaderFunctionality()[pri:0, instance:srcStructureAutomationProject.PropertyFilesTest@5542c4ed]" started-at="2024-12-11T20:47:07 IST" name="validatingPropertyReaderFunctionality" finished-at="2024-12-11T20:47:09 IST" duration-ms="2268" status="PASS">
          <reporter-output>
          </reporter-output>
        </test-method> <!-- validatingPropertyReaderFunctionality -->
        <test-method is-config="true" signature="tearDown()[pri:0, instance:srcStructureAutomationProject.PropertyFilesTest@5542c4ed]" started-at="2024-12-11T20:47:09 IST" name="tearDown" finished-at="2024-12-11T20:47:10 IST" duration-ms="1630" status="PASS">
          <reporter-output>
          </reporter-output>
        </test-method> <!-- tearDown -->
      </class> <!-- srcStructureAutomationProject.PropertyFilesTest -->
    </test> <!-- Default test -->
  </suite> <!-- Default suite -->
</testng-results>
